<?xml version="1.0" encoding="UTF-8"?>
<coverage generated="1668417240096" clover="3.2.0">
  <project timestamp="1668417240097" name="All files">
    <metrics statements="49" coveredstatements="49" conditionals="29" coveredconditionals="28" methods="14" coveredmethods="12" elements="92" coveredelements="89" complexity="0" loc="49" ncloc="49" packages="4" files="6" classes="6"/>
    <package name="deepClone">
      <metrics statements="11" coveredstatements="11" conditionals="15" coveredconditionals="14" methods="1" coveredmethods="1"/>
      <file name="index.js" path="D:\vue_elementui_admin\src\utils\deepClone\index.js">
        <metrics statements="11" coveredstatements="11" conditionals="15" coveredconditionals="14" methods="1" coveredmethods="1"/>
        <line num="2" count="1" type="cond" truecount="1" falsecount="0"/>
        <line num="3" count="13" type="cond" truecount="4" falsecount="0"/>
        <line num="4" count="12" type="cond" truecount="2" falsecount="0"/>
        <line num="5" count="10" type="cond" truecount="2" falsecount="0"/>
        <line num="6" count="10" type="stmt"/>
        <line num="7" count="10" type="stmt"/>
        <line num="8" count="15" type="cond" truecount="1" falsecount="1"/>
        <line num="9" count="15" type="cond" truecount="4" falsecount="0"/>
        <line num="10" count="5" type="stmt"/>
        <line num="12" count="10" type="stmt"/>
        <line num="16" count="10" type="stmt"/>
      </file>
    </package>
    <package name="designPattern.SignleTon">
      <metrics statements="9" coveredstatements="9" conditionals="4" coveredconditionals="4" methods="6" coveredmethods="4"/>
      <file name="LoginForm.js" path="D:\vue_elementui_admin\src\utils\designPattern\SignleTon\LoginForm.js">
        <metrics statements="3" coveredstatements="3" conditionals="0" coveredconditionals="0" methods="3" coveredmethods="1"/>
        <line num="5" count="4" type="stmt"/>
        <line num="6" count="4" type="stmt"/>
        <line num="7" count="4" type="stmt"/>
      </file>
      <file name="index.js" path="D:\vue_elementui_admin\src\utils\designPattern\SignleTon\index.js">
        <metrics statements="2" coveredstatements="2" conditionals="2" coveredconditionals="2" methods="1" coveredmethods="1"/>
        <line num="3" count="6" type="cond" truecount="2" falsecount="0"/>
        <line num="4" count="3" type="stmt"/>
      </file>
      <file name="singleCreator.js" path="D:\vue_elementui_admin\src\utils\designPattern\SignleTon\singleCreator.js">
        <metrics statements="4" coveredstatements="4" conditionals="2" coveredconditionals="2" methods="2" coveredmethods="2"/>
        <line num="2" count="1" type="stmt"/>
        <line num="3" count="1" type="stmt"/>
        <line num="4" count="2" type="cond" truecount="2" falsecount="0"/>
        <line num="5" count="2" type="stmt"/>
      </file>
    </package>
    <package name="pubsub">
      <metrics statements="27" coveredstatements="27" conditionals="10" coveredconditionals="10" methods="6" coveredmethods="6"/>
      <file name="index.js" path="D:\vue_elementui_admin\src\utils\pubsub\index.js">
        <metrics statements="27" coveredstatements="27" conditionals="10" coveredconditionals="10" methods="6" coveredmethods="6"/>
        <line num="1" count="1" type="stmt"/>
        <line num="2" count="1" type="stmt"/>
        <line num="3" count="7" type="cond" truecount="2" falsecount="0"/>
        <line num="4" count="7" type="stmt"/>
        <line num="6" count="1" type="stmt"/>
        <line num="8" count="7" type="stmt"/>
        <line num="10" count="7" type="stmt"/>
        <line num="11" count="7" type="cond" truecount="2" falsecount="0"/>
        <line num="12" count="2" type="stmt"/>
        <line num="14" count="7" type="stmt"/>
        <line num="17" count="10" type="stmt"/>
        <line num="18" count="10" type="stmt"/>
        <line num="20" count="10" type="stmt"/>
        <line num="21" count="14" type="stmt"/>
        <line num="22" count="14" type="stmt"/>
        <line num="26" count="2" type="cond" truecount="2" falsecount="0"/>
        <line num="27" count="1" type="stmt"/>
        <line num="28" count="1" type="stmt"/>
        <line num="29" count="1" type="stmt"/>
        <line num="30" count="2" type="stmt"/>
        <line num="32" count="2" type="cond" truecount="4" falsecount="0"/>
        <line num="33" count="1" type="stmt"/>
        <line num="38" count="1" type="stmt"/>
        <line num="39" count="1" type="stmt"/>
        <line num="40" count="1" type="stmt"/>
        <line num="44" count="1" type="stmt"/>
        <line num="45" count="1" type="stmt"/>
      </file>
    </package>
    <package name="typeOf">
      <metrics statements="2" coveredstatements="2" conditionals="0" coveredconditionals="0" methods="1" coveredmethods="1"/>
      <file name="index.js" path="D:\vue_elementui_admin\src\utils\typeOf\index.js">
        <metrics statements="2" coveredstatements="2" conditionals="0" coveredconditionals="0" methods="1" coveredmethods="1"/>
        <line num="1" count="2" type="stmt"/>
        <line num="2" count="66" type="stmt"/>
      </file>
    </package>
  </project>
</coverage>
