{"D:\\vue_elementui_admin\\src\\utils\\deepClone\\index.js": {"path":"D:\\vue_elementui_admin\\src\\utils\\deepClone\\index.js","statementMap":{"0":{"start":{"line":2,"column":25},"end":{"line":17,"column":1}},"1":{"start":{"line":3,"column":4},"end":{"line":3,"column":82}},"2":{"start":{"line":3,"column":69},"end":{"line":3,"column":82}},"3":{"start":{"line":4,"column":4},"end":{"line":4,"column":48}},"4":{"start":{"line":4,"column":25},"end":{"line":4,"column":48}},"5":{"start":{"line":5,"column":18},"end":{"line":5,"column":54}},"6":{"start":{"line":6,"column":4},"end":{"line":6,"column":27}},"7":{"start":{"line":7,"column":4},"end":{"line":15,"column":5}},"8":{"start":{"line":8,"column":8},"end":{"line":14,"column":9}},"9":{"start":{"line":9,"column":12},"end":{"line":13,"column":13}},"10":{"start":{"line":10,"column":16},"end":{"line":10,"column":40}},"11":{"start":{"line":12,"column":16},"end":{"line":12,"column":57}},"12":{"start":{"line":16,"column":4},"end":{"line":16,"column":16}}},"fnMap":{"0":{"name":"(anonymous_0)","decl":{"start":{"line":2,"column":25},"end":{"line":2,"column":26}},"loc":{"start":{"line":2,"column":63},"end":{"line":17,"column":1}},"line":2}},"branchMap":{"0":{"loc":{"start":{"line":2,"column":42},"end":{"line":2,"column":62}},"type":"default-arg","locations":[{"start":{"line":2,"column":49},"end":{"line":2,"column":62}}],"line":2},"1":{"loc":{"start":{"line":3,"column":4},"end":{"line":3,"column":82}},"type":"if","locations":[{"start":{"line":3,"column":4},"end":{"line":3,"column":82}},{"start":{},"end":{}}],"line":3},"2":{"loc":{"start":{"line":3,"column":9},"end":{"line":3,"column":66}},"type":"binary-expr","locations":[{"start":{"line":3,"column":9},"end":{"line":3,"column":36}},{"start":{"line":3,"column":40},"end":{"line":3,"column":66}}],"line":3},"3":{"loc":{"start":{"line":4,"column":4},"end":{"line":4,"column":48}},"type":"if","locations":[{"start":{"line":4,"column":4},"end":{"line":4,"column":48}},{"start":{},"end":{}}],"line":4},"4":{"loc":{"start":{"line":5,"column":18},"end":{"line":5,"column":54}},"type":"cond-expr","locations":[{"start":{"line":5,"column":47},"end":{"line":5,"column":49}},{"start":{"line":5,"column":52},"end":{"line":5,"column":54}}],"line":5},"5":{"loc":{"start":{"line":8,"column":8},"end":{"line":14,"column":9}},"type":"if","locations":[{"start":{"line":8,"column":8},"end":{"line":14,"column":9}},{"start":{},"end":{}}],"line":8},"6":{"loc":{"start":{"line":9,"column":12},"end":{"line":13,"column":13}},"type":"if","locations":[{"start":{"line":9,"column":12},"end":{"line":13,"column":13}},{"start":{"line":11,"column":17},"end":{"line":13,"column":13}}],"line":9},"7":{"loc":{"start":{"line":9,"column":17},"end":{"line":9,"column":84}},"type":"binary-expr","locations":[{"start":{"line":9,"column":17},"end":{"line":9,"column":49}},{"start":{"line":9,"column":53},"end":{"line":9,"column":84}}],"line":9}},"s":{"0":1,"1":13,"2":1,"3":12,"4":2,"5":10,"6":10,"7":10,"8":15,"9":15,"10":5,"11":10,"12":10},"f":{"0":13},"b":{"0":[3],"1":[1,12],"2":[13,5],"3":[2,10],"4":[4,6],"5":[15,0],"6":[5,10],"7":[15,9]},"_coverageSchema":"1a1c01bbd47fc00a2c39e90264f33305004495a9","hash":"5ff67d5b1937c9aab6ee5b6cbf864d8756dbfe40"}
,"D:\\vue_elementui_admin\\src\\utils\\designPattern\\SignleTon\\LoginForm.js": {"path":"D:\\vue_elementui_admin\\src\\utils\\designPattern\\SignleTon\\LoginForm.js","statementMap":{"0":{"start":{"line":5,"column":8},"end":{"line":5,"column":15}},"1":{"start":{"line":6,"column":8},"end":{"line":6,"column":24}},"2":{"start":{"line":7,"column":8},"end":{"line":7,"column":32}}},"fnMap":{"0":{"name":"(anonymous_0)","decl":{"start":{"line":4,"column":4},"end":{"line":4,"column":5}},"loc":{"start":{"line":4,"column":31},"end":{"line":8,"column":5}},"line":4},"1":{"name":"(anonymous_1)","decl":{"start":{"line":9,"column":4},"end":{"line":9,"column":5}},"loc":{"start":{"line":9,"column":11},"end":{"line":9,"column":13}},"line":9},"2":{"name":"(anonymous_2)","decl":{"start":{"line":10,"column":4},"end":{"line":10,"column":5}},"loc":{"start":{"line":10,"column":12},"end":{"line":10,"column":14}},"line":10}},"branchMap":{},"s":{"0":4,"1":4,"2":4},"f":{"0":4,"1":0,"2":0},"b":{},"_coverageSchema":"1a1c01bbd47fc00a2c39e90264f33305004495a9","hash":"98a93b4b5f6997d852921cd6986b919e3bccc171"}
,"D:\\vue_elementui_admin\\src\\utils\\designPattern\\SignleTon\\index.js": {"path":"D:\\vue_elementui_admin\\src\\utils\\designPattern\\SignleTon\\index.js","statementMap":{"0":{"start":{"line":3,"column":8},"end":{"line":3,"column":56}},"1":{"start":{"line":3,"column":31},"end":{"line":3,"column":56}},"2":{"start":{"line":4,"column":8},"end":{"line":4,"column":33}}},"fnMap":{"0":{"name":"(anonymous_0)","decl":{"start":{"line":2,"column":4},"end":{"line":2,"column":5}},"loc":{"start":{"line":2,"column":17},"end":{"line":5,"column":5}},"line":2}},"branchMap":{"0":{"loc":{"start":{"line":3,"column":8},"end":{"line":3,"column":56}},"type":"if","locations":[{"start":{"line":3,"column":8},"end":{"line":3,"column":56}},{"start":{},"end":{}}],"line":3}},"s":{"0":6,"1":3,"2":3},"f":{"0":6},"b":{"0":[3,3]},"_coverageSchema":"1a1c01bbd47fc00a2c39e90264f33305004495a9","hash":"2f5111c9f4ad971efb5465d49cf0c8e782a40925"}
,"D:\\vue_elementui_admin\\src\\utils\\designPattern\\SignleTon\\singleCreator.js": {"path":"D:\\vue_elementui_admin\\src\\utils\\designPattern\\SignleTon\\singleCreator.js","statementMap":{"0":{"start":{"line":2,"column":19},"end":{"line":2,"column":23}},"1":{"start":{"line":3,"column":4},"end":{"line":6,"column":5}},"2":{"start":{"line":4,"column":8},"end":{"line":4,"column":57}},"3":{"start":{"line":4,"column":22},"end":{"line":4,"column":57}},"4":{"start":{"line":5,"column":8},"end":{"line":5,"column":23}}},"fnMap":{"0":{"name":"singleCreator","decl":{"start":{"line":1,"column":16},"end":{"line":1,"column":29}},"loc":{"start":{"line":1,"column":42},"end":{"line":7,"column":1}},"line":1},"1":{"name":"(anonymous_1)","decl":{"start":{"line":3,"column":11},"end":{"line":3,"column":12}},"loc":{"start":{"line":3,"column":28},"end":{"line":6,"column":5}},"line":3}},"branchMap":{"0":{"loc":{"start":{"line":4,"column":8},"end":{"line":4,"column":57}},"type":"if","locations":[{"start":{"line":4,"column":8},"end":{"line":4,"column":57}},{"start":{},"end":{}}],"line":4}},"s":{"0":1,"1":1,"2":2,"3":1,"4":2},"f":{"0":1,"1":2},"b":{"0":[1,1]},"_coverageSchema":"1a1c01bbd47fc00a2c39e90264f33305004495a9","hash":"0cf86020d4d851fccbfc1d8f2d90c5e5c7d451df"}
,"D:\\vue_elementui_admin\\src\\utils\\pubsub\\index.js": {"path":"D:\\vue_elementui_admin\\src\\utils\\pubsub\\index.js","statementMap":{"0":{"start":{"line":1,"column":14},"end":{"line":1,"column":33}},"1":{"start":{"line":2,"column":14},"end":{"line":5,"column":1}},"2":{"start":{"line":3,"column":2},"end":{"line":3,"column":33}},"3":{"start":{"line":3,"column":18},"end":{"line":3,"column":33}},"4":{"start":{"line":4,"column":2},"end":{"line":4,"column":19}},"5":{"start":{"line":6,"column":22},"end":{"line":47,"column":1}},"6":{"start":{"line":8,"column":22},"end":{"line":8,"column":33}},"7":{"start":{"line":10,"column":14},"end":{"line":10,"column":35}},"8":{"start":{"line":11,"column":4},"end":{"line":13,"column":5}},"9":{"start":{"line":12,"column":6},"end":{"line":12,"column":28}},"10":{"start":{"line":14,"column":4},"end":{"line":14,"column":25}},"11":{"start":{"line":17,"column":22},"end":{"line":17,"column":33}},"12":{"start":{"line":18,"column":12},"end":{"line":18,"column":28}},"13":{"start":{"line":20,"column":4},"end":{"line":23,"column":5}},"14":{"start":{"line":21,"column":6},"end":{"line":21,"column":24}},"15":{"start":{"line":22,"column":6},"end":{"line":22,"column":15}},"16":{"start":{"line":26,"column":4},"end":{"line":26,"column":39}},"17":{"start":{"line":26,"column":13},"end":{"line":26,"column":39}},"18":{"start":{"line":27,"column":22},"end":{"line":27,"column":33}},"19":{"start":{"line":28,"column":12},"end":{"line":28,"column":28}},"20":{"start":{"line":29,"column":4},"end":{"line":35,"column":5}},"21":{"start":{"line":30,"column":6},"end":{"line":30,"column":24}},"22":{"start":{"line":32,"column":6},"end":{"line":34,"column":7}},"23":{"start":{"line":33,"column":8},"end":{"line":33,"column":31}},"24":{"start":{"line":38,"column":15},"end":{"line":41,"column":5}},"25":{"start":{"line":39,"column":6},"end":{"line":39,"column":25}},"26":{"start":{"line":40,"column":6},"end":{"line":40,"column":18}},"27":{"start":{"line":44,"column":4},"end":{"line":44,"column":16}},"28":{"start":{"line":45,"column":4},"end":{"line":45,"column":22}}},"fnMap":{"0":{"name":"(anonymous_0)","decl":{"start":{"line":2,"column":14},"end":{"line":2,"column":15}},"loc":{"start":{"line":2,"column":29},"end":{"line":5,"column":1}},"line":2},"1":{"name":"(anonymous_1)","decl":{"start":{"line":7,"column":2},"end":{"line":7,"column":3}},"loc":{"start":{"line":7,"column":15},"end":{"line":15,"column":3}},"line":7},"2":{"name":"(anonymous_2)","decl":{"start":{"line":16,"column":2},"end":{"line":16,"column":3}},"loc":{"start":{"line":16,"column":19},"end":{"line":24,"column":3}},"line":16},"3":{"name":"(anonymous_3)","decl":{"start":{"line":25,"column":2},"end":{"line":25,"column":3}},"loc":{"start":{"line":25,"column":16},"end":{"line":36,"column":3}},"line":25},"4":{"name":"(anonymous_4)","decl":{"start":{"line":37,"column":2},"end":{"line":37,"column":3}},"loc":{"start":{"line":37,"column":17},"end":{"line":46,"column":3}},"line":37},"5":{"name":"(anonymous_5)","decl":{"start":{"line":38,"column":15},"end":{"line":38,"column":16}},"loc":{"start":{"line":38,"column":28},"end":{"line":41,"column":5}},"line":38}},"branchMap":{"0":{"loc":{"start":{"line":3,"column":2},"end":{"line":3,"column":33}},"type":"if","locations":[{"start":{"line":3,"column":2},"end":{"line":3,"column":33}},{"start":{},"end":{}}],"line":3},"1":{"loc":{"start":{"line":11,"column":4},"end":{"line":13,"column":5}},"type":"if","locations":[{"start":{"line":11,"column":4},"end":{"line":13,"column":5}},{"start":{},"end":{}}],"line":11},"2":{"loc":{"start":{"line":26,"column":4},"end":{"line":26,"column":39}},"type":"if","locations":[{"start":{"line":26,"column":4},"end":{"line":26,"column":39}},{"start":{},"end":{}}],"line":26},"3":{"loc":{"start":{"line":32,"column":6},"end":{"line":34,"column":7}},"type":"if","locations":[{"start":{"line":32,"column":6},"end":{"line":34,"column":7}},{"start":{},"end":{}}],"line":32},"4":{"loc":{"start":{"line":32,"column":10},"end":{"line":32,"column":36}},"type":"binary-expr","locations":[{"start":{"line":32,"column":10},"end":{"line":32,"column":19}},{"start":{"line":32,"column":23},"end":{"line":32,"column":36}}],"line":32}},"s":{"0":1,"1":1,"2":7,"3":2,"4":7,"5":1,"6":7,"7":7,"8":7,"9":2,"10":7,"11":10,"12":10,"13":10,"14":14,"15":14,"16":2,"17":1,"18":1,"19":1,"20":1,"21":2,"22":2,"23":1,"24":1,"25":1,"26":1,"27":1,"28":1},"f":{"0":7,"1":7,"2":10,"3":2,"4":1,"5":1},"b":{"0":[2,5],"1":[2,5],"2":[1,1],"3":[1,1],"4":[2,2]},"_coverageSchema":"1a1c01bbd47fc00a2c39e90264f33305004495a9","hash":"419ffcf1e07befa074b74ec78a3ef48c4707fe35"}
,"D:\\vue_elementui_admin\\src\\utils\\typeOf\\index.js": {"path":"D:\\vue_elementui_admin\\src\\utils\\typeOf\\index.js","statementMap":{"0":{"start":{"line":1,"column":22},"end":{"line":3,"column":1}},"1":{"start":{"line":2,"column":4},"end":{"line":2,"column":62}}},"fnMap":{"0":{"name":"(anonymous_0)","decl":{"start":{"line":1,"column":22},"end":{"line":1,"column":23}},"loc":{"start":{"line":1,"column":38},"end":{"line":3,"column":1}},"line":1}},"branchMap":{},"s":{"0":2,"1":66},"f":{"0":66},"b":{},"_coverageSchema":"1a1c01bbd47fc00a2c39e90264f33305004495a9","hash":"8cb921e68774c1a50d2ff078147a9b96cbe1f8fd"}
}
