TN:
SF:src\utils\deepClone\index.js
FN:2,(anonymous_0)
FNF:1
FNH:1
FNDA:13,(anonymous_0)
DA:2,1
DA:3,13
DA:4,12
DA:5,10
DA:6,10
DA:7,10
DA:8,15
DA:9,15
DA:10,5
DA:12,10
DA:16,10
LF:11
LH:11
BRDA:2,0,0,3
BRDA:3,1,0,1
BRDA:3,1,1,12
BRDA:3,2,0,13
BRDA:3,2,1,5
BRDA:4,3,0,2
BRDA:4,3,1,10
BRDA:5,4,0,4
BRDA:5,4,1,6
BRDA:8,5,0,15
BRDA:8,5,1,0
BRDA:9,6,0,5
BRDA:9,6,1,10
BRDA:9,7,0,15
BRDA:9,7,1,9
BRF:15
BRH:14
end_of_record
TN:
SF:src\utils\designPattern\SignleTon\LoginForm.js
FN:4,(anonymous_0)
FN:9,(anonymous_1)
FN:10,(anonymous_2)
FNF:3
FNH:1
FNDA:4,(anonymous_0)
FNDA:0,(anonymous_1)
FNDA:0,(anonymous_2)
DA:5,4
DA:6,4
DA:7,4
LF:3
LH:3
BRF:0
BRH:0
end_of_record
TN:
SF:src\utils\designPattern\SignleTon\index.js
FN:2,(anonymous_0)
FNF:1
FNH:1
FNDA:6,(anonymous_0)
DA:3,6
DA:4,3
LF:2
LH:2
BRDA:3,0,0,3
BRDA:3,0,1,3
BRF:2
BRH:2
end_of_record
TN:
SF:src\utils\designPattern\SignleTon\singleCreator.js
FN:1,singleCreator
FN:3,(anonymous_1)
FNF:2
FNH:2
FNDA:1,singleCreator
FNDA:2,(anonymous_1)
DA:2,1
DA:3,1
DA:4,2
DA:5,2
LF:4
LH:4
BRDA:4,0,0,1
BRDA:4,0,1,1
BRF:2
BRH:2
end_of_record
TN:
SF:src\utils\pubsub\index.js
FN:2,(anonymous_0)
FN:7,(anonymous_1)
FN:16,(anonymous_2)
FN:25,(anonymous_3)
FN:37,(anonymous_4)
FN:38,(anonymous_5)
FNF:6
FNH:6
FNDA:7,(anonymous_0)
FNDA:7,(anonymous_1)
FNDA:10,(anonymous_2)
FNDA:2,(anonymous_3)
FNDA:1,(anonymous_4)
FNDA:1,(anonymous_5)
DA:1,1
DA:2,1
DA:3,7
DA:4,7
DA:6,1
DA:8,7
DA:10,7
DA:11,7
DA:12,2
DA:14,7
DA:17,10
DA:18,10
DA:20,10
DA:21,14
DA:22,14
DA:26,2
DA:27,1
DA:28,1
DA:29,1
DA:30,2
DA:32,2
DA:33,1
DA:38,1
DA:39,1
DA:40,1
DA:44,1
DA:45,1
LF:27
LH:27
BRDA:3,0,0,2
BRDA:3,0,1,5
BRDA:11,1,0,2
BRDA:11,1,1,5
BRDA:26,2,0,1
BRDA:26,2,1,1
BRDA:32,3,0,1
BRDA:32,3,1,1
BRDA:32,4,0,2
BRDA:32,4,1,2
BRF:10
BRH:10
end_of_record
TN:
SF:src\utils\typeOf\index.js
FN:1,(anonymous_0)
FNF:1
FNH:1
FNDA:66,(anonymous_0)
DA:1,2
DA:2,66
LF:2
LH:2
BRF:0
BRH:0
end_of_record
